<?xml version="1.0" encoding="UTF-8"?>
<testng-results ignored="0" total="2" passed="2" failed="0" skipped="0">
  <reporter-output>
  </reporter-output>
  <suite started-at="2024-09-20T13:23:22 IST" name="ParameterizedSuite" finished-at="2024-09-20T13:24:43 IST" duration-ms="81573">
    <groups>
    </groups>
    <test started-at="2024-09-20T13:23:22 IST" name="ParameterizedTest" finished-at="2024-09-20T13:24:43 IST" duration-ms="81573">
      <class name="Zerobank_Sudip_POC.test_Zerobank_Runner">
        <test-method is-config="true" signature="setUp(java.lang.String)[pri:0, instance:Zerobank_Sudip_POC.test_Zerobank_Runner@31ea9581]" started-at="2024-09-20T13:23:22 IST" name="setUp" finished-at="2024-09-20T13:23:53 IST" duration-ms="31746" status="PASS">
          <params>
            <param index="0">
              <value>
                <![CDATA[CHROME]]>
              </value>
            </param>
          </params>
          <reporter-output>
          </reporter-output>
        </test-method> <!-- setUp -->
        <test-method signature="testLogin(java.lang.String,java.lang.String,java.lang.String,java.lang.String)[pri:1, instance:Zerobank_Sudip_POC.test_Zerobank_Runner@31ea9581]" started-at="2024-09-20T13:23:53 IST" name="testLogin" data-provider="userRoles" finished-at="2024-09-20T13:24:19 IST" duration-ms="25415" status="PASS">
          <params>
            <param index="0">
              <value>
                <![CDATA[Customer]]>
              </value>
            </param>
            <param index="1">
              <value>
                <![CDATA[Account Home]]>
              </value>
            </param>
            <param index="2">
              <value>
                <![CDATA[username]]>
              </value>
            </param>
            <param index="3">
              <value>
                <![CDATA[password]]>
              </value>
            </param>
          </params>
          <reporter-output>
          </reporter-output>
        </test-method> <!-- testLogin -->
        <test-method signature="testAddpayee(java.lang.String,java.lang.String,java.lang.String,java.lang.String,java.lang.String,java.lang.String)[pri:2, instance:Zerobank_Sudip_POC.test_Zerobank_Runner@31ea9581]" started-at="2024-09-20T13:24:19 IST" name="testAddpayee" data-provider="PayeeDetails" finished-at="2024-09-20T13:24:42 IST" duration-ms="22666" status="PASS">
          <params>
            <param index="0">
              <value>
                <![CDATA[username]]>
              </value>
            </param>
            <param index="1">
              <value>
                <![CDATA[password]]>
              </value>
            </param>
            <param index="2">
              <value>
                <![CDATA[Karan]]>
              </value>
            </param>
            <param index="3">
              <value>
                <![CDATA[Bengaluru,India,560066]]>
              </value>
            </param>
            <param index="4">
              <value>
                <![CDATA[8797653623]]>
              </value>
            </param>
            <param index="5">
              <value>
                <![CDATA[Family Member]]>
              </value>
            </param>
          </params>
          <reporter-output>
          </reporter-output>
        </test-method> <!-- testAddpayee -->
        <test-method is-config="true" signature="tearDown()[pri:0, instance:Zerobank_Sudip_POC.test_Zerobank_Runner@31ea9581]" started-at="2024-09-20T13:24:42 IST" name="tearDown" finished-at="2024-09-20T13:24:43 IST" duration-ms="1612" status="PASS">
          <reporter-output>
          </reporter-output>
        </test-method> <!-- tearDown -->
      </class> <!-- Zerobank_Sudip_POC.test_Zerobank_Runner -->
    </test> <!-- ParameterizedTest -->
  </suite> <!-- ParameterizedSuite -->
</testng-results>
